<?xml version="1.0" encoding="UTF-8"?>
<!-- Generated by org.testng.reporters.JUnitXMLReporter -->
<testsuite hostname="LAPTOP-UOPT8SS9" ignored="0" name="Default test" tests="3" failures="0" timestamp="08 Feb 2019 21:14:38 GMT" time="0.034" errors="0">
  <testcase name="first" time="0.0" classname="selectdropdown.Dropdown"/>
  <testcase name="second" time="0.002" classname="selectdropdown.Dropdown"/>
  <testcase name="third" time="0.0" classname="selectdropdown.Dropdown"/>
</testsuite> <!-- Default test -->
