<?xml version="1.0" encoding="UTF-8"?>
<testng-results skipped="0" failed="0" ignored="0" total="3" passed="3">
  <reporter-output>
  </reporter-output>
  <suite name="Default suite" duration-ms="34" started-at="2019-02-08T21:14:38Z" finished-at="2019-02-08T21:14:38Z">
    <groups>
    </groups>
    <test name="Default test" duration-ms="34" started-at="2019-02-08T21:14:38Z" finished-at="2019-02-08T21:14:38Z">
      <class name="selectdropdown.Dropdown">
        <test-method status="PASS" signature="first()[pri:0, instance:selectdropdown.Dropdown@7dc7cbad]" name="first" duration-ms="0" started-at="2019-02-08T21:14:38Z" finished-at="2019-02-08T21:14:38Z">
          <reporter-output>
          </reporter-output>
        </test-method> <!-- first -->
        <test-method status="PASS" signature="second()[pri:1, instance:selectdropdown.Dropdown@7dc7cbad]" name="second" duration-ms="2" started-at="2019-02-08T21:14:38Z" finished-at="2019-02-08T21:14:38Z">
          <reporter-output>
          </reporter-output>
        </test-method> <!-- second -->
        <test-method status="PASS" signature="third()[pri:2, instance:selectdropdown.Dropdown@7dc7cbad]" name="third" duration-ms="0" started-at="2019-02-08T21:14:38Z" finished-at="2019-02-08T21:14:38Z">
          <reporter-output>
          </reporter-output>
        </test-method> <!-- third -->
      </class> <!-- selectdropdown.Dropdown -->
    </test> <!-- Default test -->
  </suite> <!-- Default suite -->
</testng-results>
